{
"contracts/BITLMN.sol":{"l":{"66":2,"67":2,"68":2,"69":2,"70":2,"72":2,"73":2,"74":2,"75":2,"76":2,"79":2,"80":2,"81":2,"82":2,"83":2,"86":2,"94":22,"95":20,"107":8,"108":8,"119":1,"130":20},"path":"/Users/dilukangelo/Documents/blocklabs-projects/savin/BLMN/contracts/BITLMN.sol","s":{"1":2,"2":2,"3":2,"4":2,"5":2,"6":2,"7":2,"8":2,"9":2,"10":2,"11":22,"12":8,"13":1,"14":20},"b":{"1":[2,0],"2":[2,0],"3":[2,0],"4":[2,0],"5":[2,0],"6":[2,20],"7":[8,1],"8":[20,2]},"f":{"1":2,"2":22,"3":8,"4":1,"5":20},"fnMap":{"1":{"name":"constructor","line":65,"loc":{"start":{"line":59,"column":4},"end":{"line":87,"column":4}}},"2":{"name":"whenTransferNotLocked","line":93,"loc":{"start":{"line":93,"column":4},"end":{"line":96,"column":4}}},"3":{"name":"setTransferLock","line":106,"loc":{"start":{"line":106,"column":4},"end":{"line":109,"column":4}}},"4":{"name":"decimals","line":118,"loc":{"start":{"line":118,"column":4},"end":{"line":120,"column":4}}},"5":{"name":"_update","line":129,"loc":{"start":{"line":125,"column":4},"end":{"line":131,"column":4}}}},"statementMap":{"1":{"start":{"line":66,"column":8},"end":{"line":66,"column":65}},"2":{"start":{"line":67,"column":8},"end":{"line":67,"column":69}},"3":{"start":{"line":68,"column":8},"end":{"line":68,"column":67}},"4":{"start":{"line":69,"column":8},"end":{"line":69,"column":65}},"5":{"start":{"line":70,"column":8},"end":{"line":70,"column":59}},"6":{"start":{"line":79,"column":8},"end":{"line":79,"column":46}},"7":{"start":{"line":80,"column":8},"end":{"line":80,"column":50}},"8":{"start":{"line":81,"column":8},"end":{"line":81,"column":48}},"9":{"start":{"line":82,"column":8},"end":{"line":82,"column":46}},"10":{"start":{"line":83,"column":8},"end":{"line":83,"column":40}},"11":{"start":{"line":94,"column":8},"end":{"line":94,"column":52}},"12":{"start":{"line":108,"column":8},"end":{"line":108,"column":41}},"13":{"start":{"line":119,"column":8},"end":{"line":119,"column":17}},"14":{"start":{"line":130,"column":8},"end":{"line":130,"column":38}}},"branchMap":{"1":{"line":66,"type":"if","locations":[{"start":{"line":66,"column":8},"end":{"line":66,"column":8}},{"start":{"line":66,"column":8},"end":{"line":66,"column":8}}]},"2":{"line":67,"type":"if","locations":[{"start":{"line":67,"column":8},"end":{"line":67,"column":8}},{"start":{"line":67,"column":8},"end":{"line":67,"column":8}}]},"3":{"line":68,"type":"if","locations":[{"start":{"line":68,"column":8},"end":{"line":68,"column":8}},{"start":{"line":68,"column":8},"end":{"line":68,"column":8}}]},"4":{"line":69,"type":"if","locations":[{"start":{"line":69,"column":8},"end":{"line":69,"column":8}},{"start":{"line":69,"column":8},"end":{"line":69,"column":8}}]},"5":{"line":70,"type":"if","locations":[{"start":{"line":70,"column":8},"end":{"line":70,"column":8}},{"start":{"line":70,"column":8},"end":{"line":70,"column":8}}]},"6":{"line":94,"type":"if","locations":[{"start":{"line":94,"column":8},"end":{"line":94,"column":8}},{"start":{"line":94,"column":8},"end":{"line":94,"column":8}}]},"7":{"line":106,"type":"if","locations":[{"start":{"line":106,"column":52},"end":{"line":106,"column":52}},{"start":{"line":106,"column":52},"end":{"line":106,"column":52}}]},"8":{"line":129,"type":"if","locations":[{"start":{"line":129,"column":32},"end":{"line":129,"column":32}},{"start":{"line":129,"column":32},"end":{"line":129,"column":32}}]}}},
"contracts/BITLMNPresale.sol":{"l":{"95":1,"104":1,"113":1,"127":15,"128":14,"132":22,"133":22,"144":1,"145":1,"152":15,"153":15,"166":2,"168":2,"176":2,"196":14,"199":14,"200":13,"203":12,"204":1,"207":11,"210":11,"213":10,"214":10,"215":10,"218":10,"225":10,"226":1,"229":1,"232":10,"239":6,"241":6,"242":2,"244":4,"246":4,"247":1,"249":3,"251":3,"252":3,"254":3,"261":2,"262":2,"264":1,"265":1,"272":2,"273":2,"274":2,"275":2,"282":0},"path":"/Users/dilukangelo/Documents/blocklabs-projects/savin/BLMN/contracts/BITLMNPresale.sol","s":{"1":15,"2":22,"3":1,"4":15,"5":2,"6":2,"7":14,"8":14,"9":13,"10":12,"11":11,"12":11,"13":10,"14":1,"15":1,"16":10,"17":6,"18":6,"19":4,"20":4,"21":3,"22":3,"23":3,"24":2,"25":2,"26":1,"27":1,"28":2,"29":2,"30":2,"31":2,"32":0},"b":{"1":[1,14],"2":[0,22],"3":[1,0],"4":[0,1],"5":[15,1],"6":[2,0],"7":[0,2],"8":[14,1],"9":[14,0],"10":[1,13],"11":[1,12],"12":[1,11],"13":[1,10],"14":[1,9],"15":[0,1],"16":[6,0],"17":[2,4],"18":[1,1],"19":[1,3],"20":[0,3],"21":[2,1],"22":[1,1],"23":[0,1],"24":[2,1],"25":[2,0],"26":[0,2],"27":[0,2]},"f":{"1":1,"2":15,"3":22,"4":1,"5":15,"6":2,"7":14,"8":6,"9":2,"10":2,"11":0},"fnMap":{"1":{"name":"constructor","line":92,"loc":{"start":{"line":92,"column":4},"end":{"line":120,"column":4}}},"2":{"name":"stageActive","line":126,"loc":{"start":{"line":126,"column":4},"end":{"line":129,"column":4}}},"3":{"name":"tokenSet","line":131,"loc":{"start":{"line":131,"column":4},"end":{"line":134,"column":4}}},"4":{"name":"setBITLMNToken","line":143,"loc":{"start":{"line":143,"column":4},"end":{"line":146,"column":4}}},"5":{"name":"setPresaleStage","line":151,"loc":{"start":{"line":151,"column":4},"end":{"line":154,"column":4}}},"6":{"name":"updateStageInfo","line":165,"loc":{"start":{"line":159,"column":4},"end":{"line":183,"column":4}}},"7":{"name":"purchaseTokens","line":195,"loc":{"start":{"line":193,"column":4},"end":{"line":233,"column":4}}},"8":{"name":"claimTokens","line":238,"loc":{"start":{"line":238,"column":4},"end":{"line":255,"column":4}}},"9":{"name":"withdrawETH","line":260,"loc":{"start":{"line":260,"column":4},"end":{"line":266,"column":4}}},"10":{"name":"withdrawUnsoldTokens","line":271,"loc":{"start":{"line":271,"column":4},"end":{"line":276,"column":4}}},"11":{"name":"getCurrentStageInfo","line":281,"loc":{"start":{"line":281,"column":4},"end":{"line":283,"column":4}}}},"statementMap":{"1":{"start":{"line":127,"column":8},"end":{"line":127,"column":76}},"2":{"start":{"line":132,"column":8},"end":{"line":132,"column":78}},"3":{"start":{"line":144,"column":8},"end":{"line":144,"column":64}},"4":{"start":{"line":153,"column":8},"end":{"line":153,"column":33}},"5":{"start":{"line":166,"column":8},"end":{"line":166,"column":55}},"6":{"start":{"line":176,"column":8},"end":{"line":176,"column":5625}},"7":{"start":{"line":196,"column":8},"end":{"line":196,"column":54}},"8":{"start":{"line":199,"column":8},"end":{"line":199,"column":75}},"9":{"start":{"line":200,"column":8},"end":{"line":200,"column":75}},"10":{"start":{"line":203,"column":8},"end":{"line":203,"column":6523}},"11":{"start":{"line":207,"column":8},"end":{"line":207,"column":49}},"12":{"start":{"line":210,"column":8},"end":{"line":210,"column":63}},"13":{"start":{"line":225,"column":8},"end":{"line":225,"column":7218}},"14":{"start":{"line":226,"column":12},"end":{"line":226,"column":7263}},"15":{"start":{"line":229,"column":12},"end":{"line":229,"column":58}},"16":{"start":{"line":232,"column":8},"end":{"line":232,"column":60}},"17":{"start":{"line":239,"column":8},"end":{"line":239,"column":52}},"18":{"start":{"line":241,"column":8},"end":{"line":241,"column":7695}},"19":{"start":{"line":244,"column":8},"end":{"line":244,"column":48}},"20":{"start":{"line":246,"column":8},"end":{"line":246,"column":7884}},"21":{"start":{"line":251,"column":8},"end":{"line":251,"column":63}},"22":{"start":{"line":252,"column":8},"end":{"line":252,"column":60}},"23":{"start":{"line":254,"column":8},"end":{"line":254,"column":46}},"24":{"start":{"line":261,"column":8},"end":{"line":261,"column":47}},"25":{"start":{"line":262,"column":8},"end":{"line":262,"column":65}},"26":{"start":{"line":264,"column":8},"end":{"line":264,"column":68}},"27":{"start":{"line":265,"column":8},"end":{"line":265,"column":54}},"28":{"start":{"line":272,"column":8},"end":{"line":272,"column":62}},"29":{"start":{"line":273,"column":8},"end":{"line":273,"column":65}},"30":{"start":{"line":274,"column":8},"end":{"line":274,"column":61}},"31":{"start":{"line":275,"column":8},"end":{"line":275,"column":60}},"32":{"start":{"line":282,"column":8},"end":{"line":282,"column":35}}},"branchMap":{"1":{"line":127,"type":"if","locations":[{"start":{"line":127,"column":8},"end":{"line":127,"column":8}},{"start":{"line":127,"column":8},"end":{"line":127,"column":8}}]},"2":{"line":132,"type":"if","locations":[{"start":{"line":132,"column":8},"end":{"line":132,"column":8}},{"start":{"line":132,"column":8},"end":{"line":132,"column":8}}]},"3":{"line":143,"type":"if","locations":[{"start":{"line":143,"column":53},"end":{"line":143,"column":53}},{"start":{"line":143,"column":53},"end":{"line":143,"column":53}}]},"4":{"line":144,"type":"if","locations":[{"start":{"line":144,"column":8},"end":{"line":144,"column":8}},{"start":{"line":144,"column":8},"end":{"line":144,"column":8}}]},"5":{"line":151,"type":"if","locations":[{"start":{"line":151,"column":59},"end":{"line":151,"column":59}},{"start":{"line":151,"column":59},"end":{"line":151,"column":59}}]},"6":{"line":165,"type":"if","locations":[{"start":{"line":165,"column":15},"end":{"line":165,"column":15}},{"start":{"line":165,"column":15},"end":{"line":165,"column":15}}]},"7":{"line":166,"type":"if","locations":[{"start":{"line":166,"column":8},"end":{"line":166,"column":8}},{"start":{"line":166,"column":8},"end":{"line":166,"column":8}}]},"8":{"line":195,"type":"if","locations":[{"start":{"line":195,"column":23},"end":{"line":195,"column":23}},{"start":{"line":195,"column":23},"end":{"line":195,"column":23}}]},"9":{"line":195,"type":"if","locations":[{"start":{"line":195,"column":35},"end":{"line":195,"column":35}},{"start":{"line":195,"column":35},"end":{"line":195,"column":35}}]},"10":{"line":199,"type":"if","locations":[{"start":{"line":199,"column":8},"end":{"line":199,"column":8}},{"start":{"line":199,"column":8},"end":{"line":199,"column":8}}]},"11":{"line":200,"type":"if","locations":[{"start":{"line":200,"column":8},"end":{"line":200,"column":8}},{"start":{"line":200,"column":8},"end":{"line":200,"column":8}}]},"12":{"line":203,"type":"if","locations":[{"start":{"line":203,"column":8},"end":{"line":203,"column":8}},{"start":{"line":203,"column":8},"end":{"line":203,"column":8}}]},"13":{"line":210,"type":"if","locations":[{"start":{"line":210,"column":8},"end":{"line":210,"column":8}},{"start":{"line":210,"column":8},"end":{"line":210,"column":8}}]},"14":{"line":225,"type":"if","locations":[{"start":{"line":225,"column":8},"end":{"line":225,"column":8}},{"start":{"line":225,"column":8},"end":{"line":225,"column":8}}]},"15":{"line":229,"type":"if","locations":[{"start":{"line":229,"column":12},"end":{"line":229,"column":12}},{"start":{"line":229,"column":12},"end":{"line":229,"column":12}}]},"16":{"line":238,"type":"if","locations":[{"start":{"line":238,"column":36},"end":{"line":238,"column":36}},{"start":{"line":238,"column":36},"end":{"line":238,"column":36}}]},"17":{"line":241,"type":"if","locations":[{"start":{"line":241,"column":8},"end":{"line":241,"column":8}},{"start":{"line":241,"column":8},"end":{"line":241,"column":8}}]},"18":{"line":241,"type":"cond-expr","locations":[{"start":{"line":241,"column":12},"end":{"line":241,"column":32}},{"start":{"line":241,"column":37},"end":{"line":241,"column":48}}]},"19":{"line":246,"type":"if","locations":[{"start":{"line":246,"column":8},"end":{"line":246,"column":8}},{"start":{"line":246,"column":8},"end":{"line":246,"column":8}}]},"20":{"line":252,"type":"if","locations":[{"start":{"line":252,"column":8},"end":{"line":252,"column":8}},{"start":{"line":252,"column":8},"end":{"line":252,"column":8}}]},"21":{"line":260,"type":"if","locations":[{"start":{"line":260,"column":36},"end":{"line":260,"column":36}},{"start":{"line":260,"column":36},"end":{"line":260,"column":36}}]},"22":{"line":262,"type":"if","locations":[{"start":{"line":262,"column":8},"end":{"line":262,"column":8}},{"start":{"line":262,"column":8},"end":{"line":262,"column":8}}]},"23":{"line":265,"type":"if","locations":[{"start":{"line":265,"column":8},"end":{"line":265,"column":8}},{"start":{"line":265,"column":8},"end":{"line":265,"column":8}}]},"24":{"line":271,"type":"if","locations":[{"start":{"line":271,"column":45},"end":{"line":271,"column":45}},{"start":{"line":271,"column":45},"end":{"line":271,"column":45}}]},"25":{"line":271,"type":"if","locations":[{"start":{"line":271,"column":55},"end":{"line":271,"column":55}},{"start":{"line":271,"column":55},"end":{"line":271,"column":55}}]},"26":{"line":273,"type":"if","locations":[{"start":{"line":273,"column":8},"end":{"line":273,"column":8}},{"start":{"line":273,"column":8},"end":{"line":273,"column":8}}]},"27":{"line":275,"type":"if","locations":[{"start":{"line":275,"column":8},"end":{"line":275,"column":8}},{"start":{"line":275,"column":8},"end":{"line":275,"column":8}}]}}}}
