TN:
SF:/Users/dilukangelo/Documents/blocklabs-projects/savin/BLMN/contracts/BITLMN.sol
FN:65,constructor
FN:93,whenTransferNotLocked
FN:106,setTransferLock
FN:118,decimals
FN:129,_update
FNF:5
FNH:5
FNDA:2,constructor
FNDA:22,whenTransferNotLocked
FNDA:8,setTransferLock
FNDA:1,decimals
FNDA:20,_update
DA:66,2
DA:67,2
DA:68,2
DA:69,2
DA:70,2
DA:72,2
DA:73,2
DA:74,2
DA:75,2
DA:76,2
DA:79,2
DA:80,2
DA:81,2
DA:82,2
DA:83,2
DA:86,2
DA:94,22
DA:95,20
DA:107,8
DA:108,8
DA:119,1
DA:130,20
LF:22
LH:22
BRDA:66,1,0,2
BRDA:66,1,1,0
BRDA:67,2,0,2
BRDA:67,2,1,0
BRDA:68,3,0,2
BRDA:68,3,1,0
BRDA:69,4,0,2
BRDA:69,4,1,0
BRDA:70,5,0,2
BRDA:70,5,1,0
BRDA:94,6,0,2
BRDA:94,6,1,20
BRDA:106,7,0,8
BRDA:106,7,1,1
BRDA:129,8,0,20
BRDA:129,8,1,2
BRF:16
BRH:11
end_of_record
TN:
SF:/Users/dilukangelo/Documents/blocklabs-projects/savin/BLMN/contracts/BITLMNPresale.sol
FN:92,constructor
FN:126,stageActive
FN:131,tokenSet
FN:143,setBITLMNToken
FN:151,setPresaleStage
FN:165,updateStageInfo
FN:195,purchaseTokens
FN:238,claimTokens
FN:260,withdrawETH
FN:271,withdrawUnsoldTokens
FN:281,getCurrentStageInfo
FNF:11
FNH:10
FNDA:1,constructor
FNDA:15,stageActive
FNDA:22,tokenSet
FNDA:1,setBITLMNToken
FNDA:15,setPresaleStage
FNDA:2,updateStageInfo
FNDA:14,purchaseTokens
FNDA:6,claimTokens
FNDA:2,withdrawETH
FNDA:2,withdrawUnsoldTokens
FNDA:0,getCurrentStageInfo
DA:95,1
DA:104,1
DA:113,1
DA:127,15
DA:128,14
DA:132,22
DA:133,22
DA:144,1
DA:145,1
DA:152,15
DA:153,15
DA:166,2
DA:168,2
DA:176,2
DA:196,14
DA:199,14
DA:200,13
DA:203,12
DA:204,1
DA:207,11
DA:210,11
DA:213,10
DA:214,10
DA:215,10
DA:218,10
DA:225,10
DA:226,1
DA:229,1
DA:232,10
DA:239,6
DA:241,6
DA:242,2
DA:244,4
DA:246,4
DA:247,1
DA:249,3
DA:251,3
DA:252,3
DA:254,3
DA:261,2
DA:262,2
DA:264,1
DA:265,1
DA:272,2
DA:273,2
DA:274,2
DA:275,2
DA:282,0
LF:48
LH:47
BRDA:127,1,0,1
BRDA:127,1,1,14
BRDA:132,2,0,0
BRDA:132,2,1,22
BRDA:143,3,0,1
BRDA:143,3,1,0
BRDA:144,4,0,0
BRDA:144,4,1,1
BRDA:151,5,0,15
BRDA:151,5,1,1
BRDA:165,6,0,2
BRDA:165,6,1,0
BRDA:166,7,0,0
BRDA:166,7,1,2
BRDA:195,8,0,14
BRDA:195,8,1,1
BRDA:195,9,0,14
BRDA:195,9,1,0
BRDA:199,10,0,1
BRDA:199,10,1,13
BRDA:200,11,0,1
BRDA:200,11,1,12
BRDA:203,12,0,1
BRDA:203,12,1,11
BRDA:210,13,0,1
BRDA:210,13,1,10
BRDA:225,14,0,1
BRDA:225,14,1,9
BRDA:229,15,0,0
BRDA:229,15,1,1
BRDA:238,16,0,6
BRDA:238,16,1,0
BRDA:241,17,0,2
BRDA:241,17,1,4
BRDA:241,18,0,1
BRDA:241,18,1,1
BRDA:246,19,0,1
BRDA:246,19,1,3
BRDA:252,20,0,0
BRDA:252,20,1,3
BRDA:260,21,0,2
BRDA:260,21,1,1
BRDA:262,22,0,1
BRDA:262,22,1,1
BRDA:265,23,0,0
BRDA:265,23,1,1
BRDA:271,24,0,2
BRDA:271,24,1,1
BRDA:271,25,0,2
BRDA:271,25,1,0
BRDA:273,26,0,0
BRDA:273,26,1,2
BRDA:275,27,0,0
BRDA:275,27,1,2
BRF:54
BRH:41
end_of_record
